SF:lib\core\battle_engine.dart
DA:12,6
DA:13,6
DA:14,6
DA:21,12
DA:40,6
DA:41,18
DA:42,24
DA:43,12
DA:44,48
DA:45,6
DA:46,12
DA:47,12
DA:49,6
DA:50,12
DA:51,12
DA:53,12
DA:55,12
DA:58,12
DA:59,18
DA:61,18
DA:63,12
DA:64,6
DA:66,6
DA:67,6
DA:70,6
DA:71,6
DA:72,6
DA:73,12
DA:74,12
DA:75,6
DA:76,24
DA:77,6
DA:78,6
DA:81,6
DA:82,12
DA:83,12
DA:84,6
DA:85,6
DA:88,12
DA:89,12
DA:92,2
DA:93,4
DA:94,6
DA:95,0
DA:96,0
DA:99,4
DA:100,0
DA:101,0
DA:104,12
DA:105,6
DA:106,8
DA:107,10
DA:108,2
DA:112,2
DA:113,2
DA:114,2
DA:116,2
DA:117,2
DA:118,2
DA:119,6
DA:120,6
DA:121,6
DA:128,1
DA:129,4
DA:130,2
DA:131,2
DA:132,1
DA:133,7
DA:134,2
DA:135,1
DA:138,2
DA:142,4
DA:143,4
DA:144,4
DA:145,4
DA:146,4
DA:147,4
DA:148,4
DA:149,4
DA:150,0
DA:153,4
DA:154,4
DA:155,0
DA:158,4
DA:159,4
DA:160,4
DA:161,4
DA:164,4
DA:165,4
DA:166,11
DA:167,3
DA:168,6
DA:169,6
DA:170,9
DA:171,15
DA:176,3
DA:177,12
DA:178,9
DA:180,0
DA:183,4
DA:184,16
DA:185,12
DA:186,4
DA:188,4
DA:192,4
DA:197,8
DA:198,14
DA:199,4
DA:200,4
DA:201,4
DA:202,4
DA:203,5
DA:205,8
DA:206,4
DA:208,15
DA:209,4
DA:210,16
DA:213,3
DA:214,9
DA:215,2
DA:217,6
DA:218,3
DA:219,15
DA:220,3
DA:221,2
DA:222,8
DA:224,6
DA:225,3
DA:228,4
DA:231,3
DA:232,8
DA:233,3
DA:235,3
DA:237,6
DA:239,2
DA:242,12
DA:243,9
DA:244,4
DA:245,4
DA:249,4
DA:250,8
DA:251,0
DA:252,0
DA:253,0
DA:254,0
DA:255,0
DA:258,12
DA:259,0
DA:260,0
DA:261,0
DA:262,0
DA:263,0
DA:269,0
DA:270,0
DA:271,0
DA:272,0
DA:273,0
DA:274,0
DA:277,6
DA:278,12
DA:279,18
DA:280,0
LF:162
LH:138
end_of_record
SF:lib\core\card_models.dart
DA:12,7
DA:38,6
DA:39,12
DA:40,6
DA:41,6
DA:49,0
DA:51,0
DA:52,0
DA:53,0
DA:54,0
DA:55,0
DA:63,21
DA:64,7
DA:75,7
DA:85,7
DA:95,7
DA:105,7
DA:116,7
DA:127,7
DA:137,7
DA:147,7
DA:158,7
DA:169,7
DA:183,7
DA:184,7
DA:185,7
DA:186,7
DA:187,7
DA:188,7
DA:189,7
DA:190,7
DA:191,7
DA:192,7
DA:193,7
DA:197,6
DA:198,6
DA:199,6
DA:200,6
DA:201,6
DA:202,6
DA:203,6
DA:206,0
DA:209,0
DA:211,6
DA:214,7
DA:215,35
DA:218,2
DA:219,0
DA:220,12
DA:221,6
LF:50
LH:41
end_of_record
SF:lib\core\run_state.dart
DA:7,8
DA:17,0
DA:18,0
DA:19,0
DA:20,0
DA:21,0
DA:27,7
DA:28,7
DA:29,7
DA:43,2
DA:44,4
DA:45,2
DA:46,6
DA:47,4
DA:50,1
DA:51,4
DA:54,1
DA:55,2
DA:56,6
DA:57,1
DA:58,4
DA:59,2
DA:60,2
DA:61,2
DA:62,1
DA:63,1
DA:64,1
DA:65,1
DA:66,1
DA:69,7
LF:30
LH:25
end_of_record
SF:lib\core\board_state.dart
DA:4,6
DA:5,6
DA:6,6
DA:11,0
DA:12,0
DA:15,0
DA:20,0
DA:22,0
DA:24,0
LF:9
LH:3
end_of_record
SF:lib\core\map_node.dart
DA:6,8
DA:20,8
DA:25,0
DA:27,4
DA:29,0
DA:31,10
DA:33,2
DA:34,12
DA:37,8
DA:38,8
DA:39,8
DA:40,16
DA:41,16
DA:42,16
DA:43,8
DA:44,8
DA:52,24
DA:53,8
DA:54,8
DA:55,8
DA:58,8
DA:63,16
DA:64,16
DA:65,16
DA:67,8
DA:71,8
DA:74,8
DA:75,8
DA:76,8
DA:77,8
DA:78,8
DA:79,8
DA:83,8
DA:85,8
DA:87,8
DA:89,8
DA:91,8
DA:93,8
DA:95,7
DA:97,0
LF:40
LH:37
end_of_record
SF:lib\core\game_controller.dart
DA:12,3
DA:20,2
DA:21,6
DA:22,2
DA:23,2
DA:24,2
DA:27,1
DA:28,1
DA:29,1
DA:30,1
DA:31,0
DA:33,1
DA:34,0
DA:36,1
DA:37,0
DA:39,1
DA:40,0
DA:42,1
DA:43,1
DA:45,0
DA:46,0
DA:48,0
DA:49,0
DA:52,2
DA:53,2
DA:54,2
DA:55,3
DA:56,3
DA:57,0
DA:58,0
DA:60,1
DA:64,0
DA:65,0
DA:67,0
DA:68,0
DA:69,0
DA:72,1
DA:73,1
DA:74,1
DA:76,1
DA:77,1
DA:78,2
DA:80,1
DA:81,1
DA:82,4
DA:83,2
DA:84,0
DA:85,2
DA:86,0
DA:87,0
DA:88,0
DA:89,0
DA:90,0
DA:93,1
DA:95,0
DA:96,0
DA:97,0
DA:99,1
DA:100,1
DA:103,0
DA:104,0
DA:106,0
DA:107,0
DA:108,0
DA:111,1
DA:112,1
DA:114,1
DA:115,1
DA:116,3
DA:119,0
DA:120,0
DA:122,0
DA:123,0
DA:126,0
DA:127,0
DA:129,0
DA:130,0
DA:133,1
DA:134,1
DA:135,1
DA:136,1
DA:137,1
LF:82
LH:45
end_of_record
SF:lib\main.dart
DA:9,0
DA:10,0
DA:14,2
DA:16,1
DA:18,1
DA:19,2
DA:20,1
DA:23,1
DA:43,1
DA:45,1
DA:47,1
DA:48,1
DA:49,1
DA:51,0
DA:53,0
LF:15
LH:11
end_of_record
SF:lib\ui\screens\battle_screen.dart
DA:10,2
DA:12,1
DA:13,1
DA:19,1
DA:21,1
DA:22,1
DA:26,1
DA:27,1
DA:28,3
DA:29,1
DA:30,1
DA:31,2
DA:35,1
DA:36,0
DA:37,0
DA:38,0
DA:45,1
DA:46,1
DA:47,1
DA:48,1
DA:49,1
DA:50,2
DA:51,1
DA:52,1
DA:53,1
DA:54,1
DA:55,0
DA:59,1
DA:61,2
DA:65,1
DA:66,1
DA:68,2
DA:69,0
DA:70,0
DA:71,0
DA:72,0
DA:75,1
DA:77,1
DA:79,1
DA:80,0
DA:82,1
DA:83,2
DA:84,1
DA:86,1
DA:88,1
DA:89,1
DA:90,3
DA:91,2
DA:93,1
DA:94,0
DA:95,0
DA:101,1
DA:103,1
DA:104,1
DA:105,3
DA:118,1
DA:119,1
DA:125,1
DA:126,1
DA:128,1
DA:131,1
DA:132,1
DA:133,1
DA:136,4
DA:140,1
DA:144,1
DA:149,1
DA:153,1
DA:158,1
DA:163,1
DA:165,1
DA:166,0
DA:179,1
DA:182,1
DA:184,4
DA:185,4
DA:186,1
DA:189,1
DA:191,1
DA:192,1
DA:196,1
DA:197,1
DA:199,1
DA:202,1
DA:204,1
DA:207,1
DA:209,3
DA:212,1
DA:214,3
DA:217,1
DA:219,3
DA:222,1
DA:223,2
DA:224,2
DA:225,2
DA:230,1
DA:232,3
DA:242,1
DA:256,1
DA:258,1
DA:260,1
DA:261,1
DA:262,5
DA:263,1
DA:264,1
DA:265,1
DA:266,4
DA:267,2
DA:268,1
DA:270,1
DA:272,4
DA:273,2
DA:275,1
DA:276,1
DA:277,1
DA:282,1
DA:284,1
DA:285,1
DA:288,0
DA:293,1
DA:295,1
DA:296,1
DA:299,2
DA:302,3
DA:303,3
DA:306,0
DA:308,0
DA:309,0
DA:311,0
DA:312,0
DA:313,0
DA:315,0
DA:316,0
DA:335,1
DA:341,1
DA:343,1
DA:345,1
DA:348,3
DA:349,1
DA:350,3
DA:351,1
DA:352,1
DA:353,1
DA:354,1
DA:356,3
DA:357,2
DA:366,1
DA:370,1
DA:372,3
DA:373,1
DA:376,1
DA:378,1
DA:379,1
DA:382,1
DA:384,1
DA:385,4
DA:387,1
DA:388,1
DA:390,1
DA:391,1
DA:392,1
DA:393,1
DA:394,3
DA:406,1
DA:412,1
DA:414,1
DA:416,1
DA:418,1
DA:419,1
DA:421,1
DA:423,1
DA:424,2
DA:426,1
DA:428,1
DA:429,5
DA:430,5
DA:440,1
DA:445,1
DA:447,1
DA:449,1
DA:451,1
DA:453,1
DA:454,1
DA:455,1
DA:456,3
DA:457,1
DA:458,1
DA:459,2
DA:462,2
LF:189
LH:168
end_of_record
SF:lib\ui\screens\map_screen.dart
DA:11,2
DA:13,1
DA:15,1
DA:16,1
DA:17,1
DA:18,1
DA:20,1
DA:21,1
DA:22,2
DA:26,1
DA:27,1
DA:33,1
DA:34,1
DA:35,2
DA:36,1
DA:37,1
DA:38,1
DA:39,2
DA:41,3
DA:43,0
DA:44,0
DA:45,0
DA:46,0
DA:50,1
DA:51,1
DA:52,1
DA:53,3
DA:61,1
DA:62,1
DA:68,1
DA:69,1
DA:71,1
DA:74,1
DA:75,1
DA:76,1
DA:79,4
DA:83,1
DA:84,1
DA:88,1
DA:91,1
DA:95,1
DA:100,1
DA:102,1
DA:103,0
DA:116,1
DA:126,1
DA:128,1
DA:130,3
DA:131,1
DA:132,3
DA:133,2
DA:134,1
DA:137,1
DA:139,4
DA:141,1
DA:143,1
DA:147,2
DA:148,1
DA:150,1
DA:151,0
DA:152,1
DA:153,2
DA:156,1
DA:158,1
DA:159,2
DA:161,1
DA:162,3
DA:163,3
DA:169,1
DA:178,1
DA:180,1
DA:181,1
DA:182,1
DA:183,1
DA:184,1
DA:185,1
DA:186,1
DA:187,1
DA:188,1
DA:189,1
DA:190,1
DA:191,1
DA:192,1
DA:199,1
DA:204,1
DA:206,1
DA:208,1
DA:210,1
DA:211,1
DA:213,1
DA:215,1
DA:216,7
DA:218,4
DA:219,5
DA:223,1
DA:224,1
DA:225,1
DA:226,4
DA:227,1
DA:229,1
DA:233,2
DA:234,1
DA:235,2
DA:236,1
DA:249,1
DA:254,1
DA:256,1
DA:258,1
DA:260,1
DA:262,1
DA:263,1
DA:264,1
DA:265,3
DA:266,1
DA:267,3
DA:268,2
LF:116
LH:110
end_of_record
SF:lib\ui\screens\menu_screen.dart
DA:7,2
DA:9,2
DA:11,2
DA:12,2
DA:14,2
DA:15,2
DA:17,2
DA:19,2
DA:20,2
DA:22,6
DA:25,2
DA:27,6
DA:31,2
DA:32,2
DA:35,2
DA:40,2
DA:41,2
DA:46,2
DA:48,2
DA:50,2
DA:51,2
DA:53,2
DA:54,2
DA:55,6
DA:66,1
DA:67,1
DA:73,1
DA:74,1
DA:76,1
DA:79,1
DA:80,1
DA:81,1
DA:84,4
DA:88,1
DA:89,1
DA:90,1
DA:91,1
DA:92,1
DA:94,1
DA:97,1
DA:99,1
DA:100,0
DA:113,1
DA:118,1
DA:120,1
DA:122,1
DA:124,1
DA:126,1
DA:127,1
DA:128,1
DA:129,3
DA:130,1
DA:131,3
DA:132,2
LF:54
LH:53
end_of_record
SF:lib\ui\widgets\card_view.dart
DA:6,1
DA:23,1
DA:25,3
DA:26,4
DA:27,1
DA:28,1
DA:29,1
DA:33,1
DA:34,3
DA:35,1
DA:36,3
DA:37,1
DA:38,1
DA:39,1
DA:40,1
DA:42,1
DA:43,1
DA:44,3
DA:50,1
DA:52,1
DA:53,1
DA:57,1
DA:58,1
DA:60,1
DA:61,2
DA:62,3
DA:66,2
DA:70,1
DA:71,1
DA:72,5
DA:73,3
DA:76,1
DA:77,0
DA:79,0
DA:80,0
DA:81,0
DA:82,0
DA:84,1
DA:85,1
DA:88,1
DA:89,5
DA:90,5
DA:99,1
DA:101,1
DA:102,1
DA:103,1
DA:104,1
DA:105,1
DA:106,1
DA:110,0
DA:112,0
DA:114,0
DA:116,0
DA:118,0
DA:120,0
DA:127,1
DA:132,1
DA:134,2
DA:135,1
DA:136,4
DA:137,4
DA:139,1
DA:141,1
DA:142,4
DA:143,1
DA:144,2
DA:146,4
DA:152,1
DA:157,1
DA:159,1
DA:161,1
DA:163,1
DA:164,1
DA:166,1
DA:169,1
DA:170,5
DA:171,5
LF:77
LH:66
end_of_record
